Using pre-set license
Built from '2020.3/staging' branch; Version is '2020.3.18f1 (a7d1c678663c) revision 10998214'; Using compiler version '192528614'; Build Type 'Release'
OS: 'Windows 10 Pro; OS build 19041.1052; Version 2004; 64bit' Language: 'en' Physical Memory: 16311 MB
BatchMode: 1, IsHumanControllingUs: 0, StartBugReporterOnCrash: 0, Is64bit: 1, IsPro: 0

COMMAND LINE ARGUMENTS:
C:\Program Files\Unity\Hub\Editor\2020.3.18f1\Editor\Unity.exe
-adb2
-batchMode
-noUpm
-name
AssetImportWorker0
-projectPath
C:/Users/Shiroh/Documents/GitHub/nanat github/Emc10 lab 1
-logFile
Logs/AssetImportWorker0.log
-srvPort
53088
Successfully changed project path to: C:/Users/Shiroh/Documents/GitHub/nanat github/Emc10 lab 1
C:/Users/Shiroh/Documents/GitHub/nanat github/Emc10 lab 1
Using Asset Import Pipeline V2.
Refreshing native plugins compatible for Editor in 68.55 ms, found 3 plugins.
Preloading 0 native plugins for Editor in 0.00 ms.
Initialize engine version: 2020.3.18f1 (a7d1c678663c)
[Subsystems] Discovering subsystems at path C:/Program Files/Unity/Hub/Editor/2020.3.18f1/Editor/Data/Resources/UnitySubsystems
[Subsystems] Discovering subsystems at path C:/Users/Shiroh/Documents/GitHub/nanat github/Emc10 lab 1/Assets
GfxDevice: creating device client; threaded=0
Direct3D:
    Version:  Direct3D 11.0 [level 11.1]
    Renderer: NVIDIA GeForce RTX 2060 SUPER (ID=0x1f06)
    Vendor:   
    VRAM:     8031 MB
    Driver:   30.0.14.7141
Initialize mono
Mono path[0] = 'C:/Program Files/Unity/Hub/Editor/2020.3.18f1/Editor/Data/Managed'
Mono path[1] = 'C:/Program Files/Unity/Hub/Editor/2020.3.18f1/Editor/Data/MonoBleedingEdge/lib/mono/unityjit'
Mono config path = 'C:/Program Files/Unity/Hub/Editor/2020.3.18f1/Editor/Data/MonoBleedingEdge/etc'
Using monoOptions --debugger-agent=transport=dt_socket,embedding=1,server=y,suspend=n,address=127.0.0.1:56620
Begin MonoManager ReloadAssembly
Registering precompiled unity dll's ...
Register platform support module: C:/Program Files/Unity/Hub/Editor/2020.3.18f1/Editor/Data/PlaybackEngines/WebGLSupport/UnityEditor.WebGL.Extensions.dll
Register platform support module: C:/Program Files/Unity/Hub/Editor/2020.3.18f1/Editor/Data/PlaybackEngines/WindowsStandaloneSupport/UnityEditor.WindowsStandalone.Extensions.dll
Registered in 0.002178 seconds.
Native extension for WindowsStandalone target not found
Native extension for WebGL target not found
Refreshing native plugins compatible for Editor in 63.82 ms, found 3 plugins.
Preloading 0 native plugins for Editor in 0.00 ms.
Mono: successfully reloaded assembly
- Completed reload, in  1.039 seconds
Domain Reload Profiling:
	ReloadAssembly (1039ms)
		BeginReloadAssembly (45ms)
			ExecutionOrderSort (0ms)
			DisableScriptedObjects (0ms)
			BackupInstance (0ms)
			ReleaseScriptingObjects (0ms)
			CreateAndSetChildDomain (1ms)
		EndReloadAssembly (388ms)
			LoadAssemblies (44ms)
			RebuildTransferFunctionScriptingTraits (0ms)
			SetupTypeCache (132ms)
			ReleaseScriptCaches (0ms)
			RebuildScriptCaches (26ms)
			SetupLoadedEditorAssemblies (170ms)
				LogAssemblyErrors (0ms)
				InitializePlatformSupportModulesInManaged (4ms)
				SetLoadedEditorAssemblies (0ms)
				RefreshPlugins (64ms)
				BeforeProcessingInitializeOnLoad (15ms)
				ProcessInitializeOnLoadAttributes (64ms)
				ProcessInitializeOnLoadMethodAttributes (23ms)
				AfterProcessingInitializeOnLoad (0ms)
				EditorAssembliesLoaded (0ms)
			ExecutionOrderSort2 (0ms)
			AwakeInstancesAfterBackupRestoration (0ms)
Platform modules already initialized, skipping
Registering precompiled user dll's ...
Registered in 0.002634 seconds.
Begin MonoManager ReloadAssembly
Native extension for WindowsStandalone target not found
Native extension for WebGL target not found
Refreshing native plugins compatible for Editor in 57.62 ms, found 3 plugins.
Preloading 0 native plugins for Editor in 0.00 ms.
Mono: successfully reloaded assembly
- Completed reload, in  0.993 seconds
Domain Reload Profiling:
	ReloadAssembly (994ms)
		BeginReloadAssembly (130ms)
			ExecutionOrderSort (0ms)
			DisableScriptedObjects (4ms)
			BackupInstance (0ms)
			ReleaseScriptingObjects (0ms)
			CreateAndSetChildDomain (18ms)
		EndReloadAssembly (808ms)
			LoadAssemblies (81ms)
			RebuildTransferFunctionScriptingTraits (0ms)
			SetupTypeCache (259ms)
			ReleaseScriptCaches (1ms)
			RebuildScriptCaches (41ms)
			SetupLoadedEditorAssemblies (323ms)
				LogAssemblyErrors (0ms)
				InitializePlatformSupportModulesInManaged (4ms)
				SetLoadedEditorAssemblies (0ms)
				RefreshPlugins (58ms)
				BeforeProcessingInitializeOnLoad (74ms)
				ProcessInitializeOnLoadAttributes (171ms)
				ProcessInitializeOnLoadMethodAttributes (11ms)
				AfterProcessingInitializeOnLoad (6ms)
				EditorAssembliesLoaded (0ms)
			ExecutionOrderSort2 (0ms)
			AwakeInstancesAfterBackupRestoration (5ms)
Platform modules already initialized, skipping
========================================================================
Worker process is ready to serve import requests
Launched and connected shader compiler UnityShaderCompiler.exe after 0.04 seconds
Refreshing native plugins compatible for Editor in 0.78 ms, found 3 plugins.
Preloading 0 native plugins for Editor in 0.00 ms.
Unloading 2107 Unused Serialized files (Serialized files now loaded: 0)
System memory in use before: 95.9 MB.
System memory in use after: 96.0 MB.

Unloading 26 unused Assets to reduce memory usage. Loaded Objects now: 2550.
Total: 2.971700 ms (FindLiveObjects: 0.233300 ms CreateObjectMapping: 0.050300 ms MarkObjects: 2.630500 ms  DeleteObjects: 0.056700 ms)

AssetImportParameters requested are different than current active one (requested -> active):
  custom:framework-win-MediaFoundation: 216162199b28c13a410421893ffa2e32 -> 
  custom:video-decoder-ogg-theora: a1e56fd34408186e4bbccfd4996cb3dc -> 
  custom:container-muxer-webm: aa71ff27fc2769a1b78a27578f13a17b -> 
  custom:container-demuxer-webm: 4f35f7cbe854078d1ac9338744f61a02 -> 
  custom:container-demuxer-ogg: 62fdf1f143b41e24485cea50d1cbac27 -> 
  custom:video-encoder-webm-vp8: eb34c28f22e8b96e1ab97ce403110664 -> 
  custom:video-decoder-webm-vp8: 9c59270c3fd7afecdb556c50c9e8de78 -> 
  custom:audio-decoder-ogg-vorbis: bf7c407c2cedff20999df2af8eb42d56 -> 
  custom:audio-encoder-webm-vorbis: bf7c407c2cedff20999df2af8eb42d56 -> 
========================================================================
Received Import Request.
  path: Assets/shiroh esport - Copy.png
  artifactKey: Guid(5b8af85021bba684bb019921dbaa7af9) Importer(815301076,1909f56bfc062723c751e8b465ee728b)
Start importing Assets/shiroh esport - Copy.png using Guid(5b8af85021bba684bb019921dbaa7af9) Importer(815301076,1909f56bfc062723c751e8b465ee728b)  -> (artifact id: '2ae184075f5cca6b4be9a8eadbbb25a9') in 0.105070 seconds 
  Import took 0.108585 seconds .

========================================================================
Received Import Request.
  Time since last request: 1.409742 seconds.
  path: Assets/Scenes/LEVEL 1.unity
  artifactKey: Guid(8317ee96e8debb348b7a579e31584d47) Importer(815301076,1909f56bfc062723c751e8b465ee728b)
Start importing Assets/Scenes/LEVEL 1.unity using Guid(8317ee96e8debb348b7a579e31584d47) Importer(815301076,1909f56bfc062723c751e8b465ee728b)  -> (artifact id: 'bfea2e1fbc7635ab861af638198c4581') in 0.001939 seconds 
  Import took 0.004868 seconds .

========================================================================
Received Import Request.
  Time since last request: 0.008914 seconds.
  path: Assets/Scenes/LEVEL 1.unity
  artifactKey: Guid(8317ee96e8debb348b7a579e31584d47) Importer(815301076,1909f56bfc062723c751e8b465ee728b)
Start importing Assets/Scenes/LEVEL 1.unity using Guid(8317ee96e8debb348b7a579e31584d47) Importer(815301076,1909f56bfc062723c751e8b465ee728b)  -> (artifact id: 'bfea2e1fbc7635ab861af638198c4581') in 0.001911 seconds 
  Import took 0.005181 seconds .

========================================================================
Received Import Request.
  Time since last request: 18.289815 seconds.
  path: Assets/Scenes/way pulos.unity
  artifactKey: Guid(8317ee96e8debb348b7a579e31584d47) Importer(815301076,1909f56bfc062723c751e8b465ee728b)
Start importing Assets/Scenes/way pulos.unity using Guid(8317ee96e8debb348b7a579e31584d47) Importer(815301076,1909f56bfc062723c751e8b465ee728b)  -> (artifact id: '597f4d49a78516b6c576e5d71f7d4256') in 0.002027 seconds 
  Import took 0.005241 seconds .

========================================================================
Received Import Request.
  Time since last request: 1.814599 seconds.
  path: Assets/Scenes/LEVEL 2.unity
  artifactKey: Guid(654299f9bd5f6f7429f2a9b0bb7a3005) Importer(815301076,1909f56bfc062723c751e8b465ee728b)
Start importing Assets/Scenes/LEVEL 2.unity using Guid(654299f9bd5f6f7429f2a9b0bb7a3005) Importer(815301076,1909f56bfc062723c751e8b465ee728b)  -> (artifact id: '3f7121bcbf25510edc329d32287ba82b') in 0.001996 seconds 
  Import took 0.005261 seconds .

========================================================================
Received Import Request.
  Time since last request: 2.132088 seconds.
  path: Assets/Scenes/LEVEL 1.unity
  artifactKey: Guid(654299f9bd5f6f7429f2a9b0bb7a3005) Importer(815301076,1909f56bfc062723c751e8b465ee728b)
Start importing Assets/Scenes/LEVEL 1.unity using Guid(654299f9bd5f6f7429f2a9b0bb7a3005) Importer(815301076,1909f56bfc062723c751e8b465ee728b)  -> (artifact id: 'bcd5ef60fc3246e6f4c846dabcb89fef') in 0.002158 seconds 
  Import took 0.005475 seconds .

AssetImportWorkerClient::OnTransportError - code=2 error=End of file
